Removed Pin From Net: NetName=A_SD_3 Pin=J3-1
Removed Pin From Net: NetName=A_SD_1 Pin=J3-2
Removed Pin From Net: NetName=A_SD_2 Pin=J3-3
Removed Pin From Net: NetName=A_SD_0 Pin=J3-4
Removed Pin From Net: NetName=PCKIN Pin=J3-5
Removed Pin From Net: NetName=A_SCK Pin=J3-6
Removed Pin From Net: NetName=DAOUT Pin=J3-7
Removed Pin From Net: NetName=A_OSCK Pin=J3-8
Removed Pin From Net: NetName=IR Pin=J3-9
Removed Pin From Net: NetName=A_WFS Pin=J3-10
Added Pin To Net: NetName=A_WFS Pin=J3-1
Added Pin To Net: NetName=IR Pin=J3-2
Added Pin To Net: NetName=A_OSCK Pin=J3-3
Added Pin To Net: NetName=DAOUT Pin=J3-4
Added Pin To Net: NetName=A_SCK Pin=J3-5
Added Pin To Net: NetName=PCKIN Pin=J3-6
Added Pin To Net: NetName=A_SD_0 Pin=J3-7
Added Pin To Net: NetName=A_SD_2 Pin=J3-8
Added Pin To Net: NetName=A_SD_1 Pin=J3-9
Added Pin To Net: NetName=A_SD_3 Pin=J3-10
