Removed Pin From Net: NetName=DSI_CLK_N Pin=J1-1
Removed Pin From Net: NetName=GND Pin=J1-2
Removed Pin From Net: NetName=GND Pin=J1-3
Removed Pin From Net: NetName=DSI_CLK_P Pin=J2-1
Removed Pin From Net: NetName=GND Pin=J2-2
Removed Pin From Net: NetName=GND Pin=J2-3
Removed Pin From Net: NetName=LANE0_N Pin=J3-1
Removed Pin From Net: NetName=GND Pin=J3-2
Removed Pin From Net: NetName=GND Pin=J3-3
Removed Pin From Net: NetName=LANE0_P Pin=J4-1
Removed Pin From Net: NetName=GND Pin=J4-2
Removed Pin From Net: NetName=GND Pin=J4-3
Removed Pin From Net: NetName=LANE1_N Pin=J6-1
Removed Pin From Net: NetName=GND Pin=J6-2
Removed Pin From Net: NetName=GND Pin=J6-3
Removed Pin From Net: NetName=LANE1_P Pin=J7-1
Removed Pin From Net: NetName=GND Pin=J7-2
Removed Pin From Net: NetName=GND Pin=J7-3
Removed Pin From Net: NetName=LANE2_N Pin=J8-1
Removed Pin From Net: NetName=GND Pin=J8-2
Removed Pin From Net: NetName=GND Pin=J8-3
Removed Pin From Net: NetName=LANE2_P Pin=J9-1
Removed Pin From Net: NetName=GND Pin=J9-2
Removed Pin From Net: NetName=GND Pin=J9-3
Removed Pin From Net: NetName=LANE3_N Pin=J10-1
Removed Pin From Net: NetName=GND Pin=J10-2
Removed Pin From Net: NetName=GND Pin=J10-3
Removed Pin From Net: NetName=LANE3_P Pin=J11-1
Removed Pin From Net: NetName=GND Pin=J11-2
Removed Pin From Net: NetName=GND Pin=J11-3
Removed Pin From Net: NetName=NetJ5_1 Pin=JP1-1
Removed Pin From Net: NetName=LCD-ID-DET1 Pin=JP1-2
Removed Pin From Net: NetName=NetJ5_30 Pin=JP1-3
Removed Pin From Net: NetName=GND Pin=JP1-4
Removed Pin From Net: NetName=RST Pin=JP1-5
Removed Pin From Net: NetName=GND Pin=JP1-7
Removed Pin From Net: NetName=LED-PWM Pin=JP1-8
Removed Pin From Net: NetName=LED-PWM Pin=JP1-10
Removed Pin From Net: NetName=LED-A Pin=JP2-10
Removed Member From Class: ClassName=TC-LCD Member=J1
Removed Member From Class: ClassName=TC-LCD Member=J2
Removed Member From Class: ClassName=TC-LCD Member=J3
Removed Member From Class: ClassName=TC-LCD Member=J4
Removed Member From Class: ClassName=TC-LCD Member=J6
Removed Member From Class: ClassName=TC-LCD Member=J7
Removed Member From Class: ClassName=TC-LCD Member=J8
Removed Member From Class: ClassName=TC-LCD Member=J9
Removed Member From Class: ClassName=TC-LCD Member=J10
Removed Member From Class: ClassName=TC-LCD Member=J11
Change Component DesignItemId : Designator=J1 Old DesignItemId=U.FL-R-SMT-1 New DesignItemId=10029449-111RLF
Change Component Footprint: Designator=J1 Old Footprint=U.FL-R-SMT-1 New Footprint=10029449-111RLF
Change Component Comment : Designator=J1 Old Comment=U.FL New Comment=10029449-111RLF
Added Pin To Net: NetName=LED-A Pin=J5-8
Added Pin To Net: NetName=LCD-ID-DET1 Pin=J5-24
Added Pin To Net: NetName=LED-PWM Pin=J5-32
Added Pin To Net: NetName=NetJ5_1 Pin=JP1-3
Added Pin To Net: NetName=LCD-ID-DET1 Pin=JP1-4
Added Pin To Net: NetName=NetJ5_30 Pin=JP1-5
Added Pin To Net: NetName=RST Pin=JP1-7
Added Pin To Net: NetName=GND Pin=JP1-8
Added Pin To Net: NetName=LANE3_N Pin=U6-A9
Added Pin To Net: NetName=LANE3_P Pin=U6-A10
Added Pin To Net: NetName=LANE2_N Pin=U6-B9
Added Pin To Net: NetName=LANE2_P Pin=U6-B10
Added Pin To Net: NetName=DSI_CLK_N Pin=U6-C9
Added Pin To Net: NetName=DSI_CLK_P Pin=U6-C10
Added Pin To Net: NetName=LANE1_N Pin=U6-E9
Added Pin To Net: NetName=LANE1_P Pin=U6-E10
Added Pin To Net: NetName=LANE0_N Pin=U6-F9
Added Pin To Net: NetName=LANE0_P Pin=U6-F10
Change Class Name : Old Net Name=TC-LCD New Net Name=DSI-LCD
Added Class: Name=HDMI
