Added Component: Designator=C15(C0402)
Added Component: Designator=C16(C0402)
Added Component: Designator=C25(C0402)
Added Component: Designator=C26(C0402)
Added Component: Designator=C27(C0402)
Added Component: Designator=C28(C0402)
Added Component: Designator=C29(C0402)
Added Component: Designator=C30(C0402)
Added Component: Designator=C31(C0402)
Added Component: Designator=C33(C0402)
Added Component: Designator=C34(C0402)
Added Component: Designator=C35(C0402)
Added Component: Designator=C36(C0402)
Added Component: Designator=C37(C0402)
Added Component: Designator=C38(C0402)
Added Component: Designator=C39(C0402)
Added Component: Designator=C40(C0402)
Added Component: Designator=C41(C0402)
Added Component: Designator=C42(C0402)
Added Component: Designator=C44(C0402)
Added Component: Designator=C46(C0402)
Added Component: Designator=C47(C0402)
Added Component: Designator=C49(C0402)
Added Component: Designator=C50(C0402)
Added Component: Designator=C51(C0402)
Added Component: Designator=C52(C0402)
Added Component: Designator=H1(Standoff3mmTopConn)
Added Component: Designator=H2(Standoff3mmTopConn)
Added Component: Designator=H3(Standoff3mmTopConn)
Added Component: Designator=H4(Standoff3mmTopConn)
Added Component: Designator=L6(C0603)
Added Component: Designator=R9(R0402)
Added Component: Designator=R17(R0402)
Added Component: Designator=R18(R0402)
Added Component: Designator=U10(OSC-5x3.2x1.3)
Added Pin To Net: NetName=1.2V Pin=C15-1
Added Pin To Net: NetName=GND Pin=C15-2
Added Pin To Net: NetName=GND Pin=C16-1
Added Pin To Net: NetName=1.2V Pin=C16-2
Added Pin To Net: NetName=1.8V Pin=C17-1
Added Pin To Net: NetName=1.2V Pin=C25-1
Added Pin To Net: NetName=GND Pin=C25-2
Added Pin To Net: NetName=GND Pin=C26-1
Added Pin To Net: NetName=1.2V Pin=C26-2
Added Pin To Net: NetName=GND Pin=C27-1
Added Pin To Net: NetName=1.2V Pin=C27-2
Added Pin To Net: NetName=1.2V Pin=C28-1
Added Pin To Net: NetName=GND Pin=C28-2
Added Pin To Net: NetName=GND Pin=C29-1
Added Pin To Net: NetName=1.2V Pin=C29-2
Added Pin To Net: NetName=1.2V Pin=C30-1
Added Pin To Net: NetName=GND Pin=C30-2
Added Pin To Net: NetName=GND Pin=C31-1
Added Pin To Net: NetName=1.2V Pin=C31-2
Added Pin To Net: NetName=GND Pin=C33-1
Added Pin To Net: NetName=1.2V Pin=C33-2
Added Pin To Net: NetName=3.3V Pin=C34-1
Added Pin To Net: NetName=GND Pin=C34-2
Added Pin To Net: NetName=GND Pin=C35-1
Added Pin To Net: NetName=3.3V Pin=C35-2
Added Pin To Net: NetName=GND Pin=C36-1
Added Pin To Net: NetName=3.3V Pin=C36-2
Added Pin To Net: NetName=1.2V Pin=C37-1
Added Pin To Net: NetName=GND Pin=C37-2
Added Pin To Net: NetName=GND Pin=C38-1
Added Pin To Net: NetName=1.2V Pin=C38-2
Added Pin To Net: NetName=3.3V Pin=C39-1
Added Pin To Net: NetName=GND Pin=C39-2
Added Pin To Net: NetName=GND Pin=C40-1
Added Pin To Net: NetName=3.3V Pin=C40-2
Added Pin To Net: NetName=3.3V Pin=C41-1
Added Pin To Net: NetName=GND Pin=C41-2
Added Pin To Net: NetName=GND Pin=C42-1
Added Pin To Net: NetName=3.3V Pin=C42-2
Added Pin To Net: NetName=GND Pin=C44-1
Added Pin To Net: NetName=GND Pin=C46-2
Added Pin To Net: NetName=GND Pin=C47-1
Added Pin To Net: NetName=GND Pin=C49-2
Added Pin To Net: NetName=GND Pin=C50-2
Added Pin To Net: NetName=GND Pin=C51-2
Added Pin To Net: NetName=GND Pin=C52-2
Added Pin To Net: NetName=1.8V Pin=J5-12
Added Pin To Net: NetName=5.5V Pin=J5-14
Added Pin To Net: NetName=5.5V Pin=J5-16
Added Pin To Net: NetName=-5.5V Pin=J5-18
Added Pin To Net: NetName=-5.5V Pin=J5-20
Added Pin To Net: NetName=GND Pin=R17-1
Added Pin To Net: NetName=GND Pin=U10-2
Added Pin To Net: NetName=3.3VCC Pin=C44-2
Added Pin To Net: NetName=3.3VCC Pin=L6-2
Added Net: Name=3.3VCC
Added Pin To Net: NetName=A_OSCK Pin=U6-G10
Added Net: Name=A_OSCK
Added Pin To Net: NetName=A_SCK Pin=U6-J9
Added Net: Name=A_SCK
Added Pin To Net: NetName=A_SD_0 Pin=U6-H9
Added Net: Name=A_SD_0
Added Pin To Net: NetName=A_SD_1 Pin=U6-J10
Added Net: Name=A_SD_1
Added Pin To Net: NetName=A_SD_2 Pin=U6-K8
Added Pin To Net: NetName=A_SD_2 Pin=U6-K9
Added Net: Name=A_SD_2
Added Pin To Net: NetName=A_WFS Pin=U6-H10
Added Net: Name=A_WFS
Added Pin To Net: NetName=DAOUT Pin=U6-A5
Added Net: Name=DAOUT
Added Pin To Net: NetName=IR Pin=U6-J6
Added Net: Name=IR
Added Pin To Net: NetName=NetC46_1 Pin=C46-1
Added Pin To Net: NetName=NetC46_1 Pin=C47-2
Added Pin To Net: NetName=NetC46_1 Pin=L6-1
Added Pin To Net: NetName=NetC46_1 Pin=U10-1
Added Pin To Net: NetName=NetC46_1 Pin=U10-4
Added Net: Name=NetC46_1
Added Pin To Net: NetName=NetC49_1 Pin=C49-1
Added Pin To Net: NetName=NetC49_1 Pin=U6-A4
Added Net: Name=NetC49_1
Added Pin To Net: NetName=NetC50_1 Pin=C50-1
Added Pin To Net: NetName=NetC50_1 Pin=R18-2
Added Net: Name=NetC50_1
Added Pin To Net: NetName=NetC51_1 Pin=C51-1
Added Pin To Net: NetName=NetC51_1 Pin=R18-1
Added Pin To Net: NetName=NetC51_1 Pin=U6-A6
Added Net: Name=NetC51_1
Added Pin To Net: NetName=NetJ4_7 Pin=J5-1
Added Net: Name=NetJ4_7
Added Pin To Net: NetName=NetJ4_9 Pin=J5-30
Added Net: Name=NetJ4_9
Added Pin To Net: NetName=NetJ4_10 Pin=J5-28
Added Pin To Net: NetName=NetJ4_10 Pin=U6-K6
Added Net: Name=NetJ4_10
Added Pin To Net: NetName=NetR9_1 Pin=R9-1
Added Pin To Net: NetName=NetR9_1 Pin=U10-3
Added Net: Name=NetR9_1
Added Pin To Net: NetName=NetR9_2 Pin=R9-2
Added Pin To Net: NetName=NetR9_2 Pin=R17-2
Added Pin To Net: NetName=NetR9_2 Pin=U6-J7
Added Net: Name=NetR9_2
Added Pin To Net: NetName=NetU6_J4 Pin=U6-J4
Added Net: Name=NetU6_J4
Added Pin To Net: NetName=NetU6_J5 Pin=U6-J5
Added Net: Name=NetU6_J5
Added Pin To Net: NetName=NetU6_K4 Pin=U6-K4
Added Net: Name=NetU6_K4
Added Pin To Net: NetName=NetU6_K5 Pin=U6-K5
Added Net: Name=NetU6_K5
Added Pin To Net: NetName=NetU9_40 Pin=U9-40
Added Net: Name=NetU9_40
Added Pin To Net: NetName=PCKIN Pin=C52-1
Added Pin To Net: NetName=PCKIN Pin=U6-B7
Added Net: Name=PCKIN
Added Class: Name=TC358779XBG
Added Member To Class: ClassName=DrudePower Member=Component C15 100nF
Added Member To Class: ClassName=DrudePower Member=Component C16 10nF
Added Member To Class: ClassName=DrudePower Member=Component C25 100nF
Added Member To Class: ClassName=DrudePower Member=Component C26 10nF
Added Member To Class: ClassName=DrudePower Member=Component C27 10nF
Added Member To Class: ClassName=DrudePower Member=Component C28 100nF
Added Member To Class: ClassName=DrudePower Member=Component C29 10nF
Added Member To Class: ClassName=DrudePower Member=Component C30 100nF
Added Member To Class: ClassName=DrudePower Member=Component C31 10nF
Added Member To Class: ClassName=DrudePower Member=Component C33 10nF
Added Member To Class: ClassName=DrudePower Member=Component C34 100nF
Added Member To Class: ClassName=DrudePower Member=Component C35 10nF
Added Member To Class: ClassName=DrudePower Member=Component C36 10nF
Added Member To Class: ClassName=DrudePower Member=Component C37 100nF
Added Member To Class: ClassName=DrudePower Member=Component C38 10nF
Added Member To Class: ClassName=DrudePower Member=Component C39 100nF
Added Member To Class: ClassName=DrudePower Member=Component C40 10nF
Added Member To Class: ClassName=DrudePower Member=Component C41 100nF
Added Member To Class: ClassName=DrudePower Member=Component C42 10nF
Added Member To Class: ClassName=DrudePower Member=Component H1 Standoff
Added Member To Class: ClassName=DrudePower Member=Component H2 Standoff
Added Member To Class: ClassName=DrudePower Member=Component H3 Standoff
Added Member To Class: ClassName=DrudePower Member=Component H4 Standoff
