Removed Pin From Net: NetName=NetJ4_10 Pin=J5-28
Removed Pin From Net: NetName=PWR_BTN Pin=S1-1
Removed Pin From Net: NetName=NetJ4_10 Pin=U6-K6
Removed Pin From Net: NetName=PWR_BTN Pin=U9-33
Added Component: Designator=R22(R0603)
Added Component: Designator=R23(R0603)
Added Component: Designator=U11(FFC8x05-top)
Added Pin To Net: NetName=PD6 Pin=J6-2
Added Pin To Net: NetName=PB3 Pin=J6-4
Added Pin To Net: NetName=PB2 Pin=J6-6
Added Pin To Net: NetName=PD3 Pin=J6-7
Added Pin To Net: NetName=PB1 Pin=J6-8
Added Pin To Net: NetName=PB0 Pin=J6-10
Added Pin To Net: NetName=3.3V Pin=R22-2
Added Pin To Net: NetName=3.3V Pin=R23-2
Added Pin To Net: NetName=GND Pin=U11-1
Added Pin To Net: NetName=3.3V Pin=U11-2
Added Pin To Net: NetName=3.3V Pin=U11-3
Added Pin To Net: NetName=I2C_SCL Pin=U11-5
Added Pin To Net: NetName=I2C_SDA Pin=U11-6
Added Pin To Net: NetName=GND Pin=U11-8
Change Net Name : Old Net Name=PWR_BTN New Net Name=NetD2_A
Added Pin To Net: NetName=INT Pin=R22-1
Added Pin To Net: NetName=INT Pin=U11-7
Added Net: Name=INT
Added Pin To Net: NetName=NetJ5_28 Pin=J5-28
Added Pin To Net: NetName=NetJ5_28 Pin=U9-30
Added Net: Name=NetJ5_28
Added Pin To Net: NetName=NetU6_K6 Pin=U6-K6
Added Pin To Net: NetName=NetU6_K6 Pin=U9-32
Added Net: Name=NetU6_K6
Added Pin To Net: NetName=NetU9_12 Pin=U9-12
Added Net: Name=NetU9_12
Added Pin To Net: NetName=PWR_BTN Pin=S1-1
Added Pin To Net: NetName=PWR_BTN Pin=U9-33
Added Net: Name=PWR_BTN
Added Pin To Net: NetName=RESET_TOUCH Pin=R23-1
Added Pin To Net: NetName=RESET_TOUCH Pin=U9-22
Added Pin To Net: NetName=RESET_TOUCH Pin=U11-4
Added Net: Name=RESET_TOUCH
Change Class Name : Old Net Name=DSI-LCD New Net Name=LCD-Touch
Added Member To Class: ClassName=LCD-Touch Member=Component R22 3.3K
Added Member To Class: ClassName=LCD-Touch Member=Component R23 10K
Added Member To Class: ClassName=LCD-Touch Member=Component U11 TP2053CA050C
