Change Component Designator: Old Designator=C? New Designator=C74
Change Component Designator: Old Designator=C? New Designator=C76
Change Component Designator: Old Designator=C? New Designator=C78
Change Component Designator: Old Designator=C? New Designator=C79
Change Component Designator: Old Designator=C? New Designator=C80
Change Component Designator: Old Designator=C? New Designator=C81
Change Component Designator: Old Designator=FL? New Designator=FL1
Change Component Designator: Old Designator=FL? New Designator=FL2
Change Component Designator: Old Designator=FL? New Designator=FL3
Change Component Designator: Old Designator=FL? New Designator=FL4
Change Component Designator: Old Designator=FL? New Designator=FL5
Change Component Designator: Old Designator=FL? New Designator=FL6
Change Component Designator: Old Designator=FL? New Designator=FL7
Change Component Designator: Old Designator=FL? New Designator=FL8
Change Component Designator: Old Designator=FL? New Designator=FL9
Change Component Designator: Old Designator=FL? New Designator=FL10
Change Component Designator: Old Designator=FL? New Designator=FL11
Change Component Designator: Old Designator=FL? New Designator=FL12
Change Component Designator: Old Designator=FL? New Designator=FL13
Change Component Designator: Old Designator=FL? New Designator=FL14
Change Component Designator: Old Designator=FL? New Designator=FL15
Change Component Designator: Old Designator=FL? New Designator=FL16
Change Component Designator: Old Designator=FL? New Designator=FL17
Change Component Designator: Old Designator=Q? New Designator=Q1
Change Component Designator: Old Designator=Q? New Designator=Q1
Change Component Designator: Old Designator=R? New Designator=R6
Change Component Designator: Old Designator=R? New Designator=R35
Change Component Designator: Old Designator=R? New Designator=R36
Change Component Designator: Old Designator=TP? New Designator=TP1
Change Component Designator: Old Designator=TP? New Designator=TP4
Change Component Designator: Old Designator=TP? New Designator=TP5
Change Component Designator: Old Designator=TP? New Designator=TP6
Change Component Designator: Old Designator=TP? New Designator=TP7
Change Component Designator: Old Designator=TP? New Designator=TP8
Change Component Designator: Old Designator=TP? New Designator=TP9
Change Component Designator: Old Designator=TP? New Designator=TP10
