Change Component Designator: OldDesignator=C32 NewDesignator=C62
Change Component Designator: OldDesignator=C43 NewDesignator=C61
Change Component Designator: OldDesignator=L2 NewDesignator=L7
Added Component: Designator=C32(C0402)
Added Component: Designator=C43(C0402)
Added Component: Designator=C53(C0402)
Added Component: Designator=C54(C0402)
Added Component: Designator=C55(C0402)
Added Component: Designator=C56(C0402)
Added Component: Designator=C59(C0402)
Added Component: Designator=C60(C0402)
Added Component: Designator=D2(SOD523)
Added Component: Designator=D3(SOD523)
Added Component: Designator=L2(C0603)
Added Component: Designator=R19(R0402)
Added Component: Designator=R20(R0402)
Added Component: Designator=S1(PTS840 GKP SMTR LFS)
Added Component: Designator=S2(PTS840 GKP SMTR LFS)
Added Pin To Net: NetName=GND Pin=C32-2
Added Pin To Net: NetName=GND Pin=C43-1
Added Pin To Net: NetName=3.3V Pin=C43-2
Added Pin To Net: NetName=3.3V Pin=C53-1
Added Pin To Net: NetName=GND Pin=C53-2
Added Pin To Net: NetName=3.3V Pin=C54-1
Added Pin To Net: NetName=GND Pin=C54-2
Added Pin To Net: NetName=3.3V Pin=C55-1
Added Pin To Net: NetName=GND Pin=C55-2
Added Pin To Net: NetName=GND Pin=C56-2
Added Pin To Net: NetName=GND Pin=C59-2
Added Pin To Net: NetName=GND Pin=C60-2
Added Pin To Net: NetName=NetC48_2 Pin=C61-1
Added Pin To Net: NetName=5V Pin=C62-1
Added Pin To Net: NetName=NetC48_2 Pin=C62-2
Added Pin To Net: NetName=3.3V Pin=D2-C
Added Pin To Net: NetName=3.3V Pin=D3-C
Added Pin To Net: NetName=GND Pin=D26-C
Added Pin To Net: NetName=3.3V Pin=L2-2
Added Pin To Net: NetName=GND Pin=L4-1
Added Pin To Net: NetName=5V Pin=L7-1
Added Pin To Net: NetName=3.3V Pin=R19-2
Added Pin To Net: NetName=3.3V Pin=R20-2
Added Pin To Net: NetName=GND Pin=S1-3
Added Pin To Net: NetName=GND Pin=S1-4
Added Pin To Net: NetName=GND Pin=S1-5
Added Pin To Net: NetName=GND Pin=S2-3
Added Pin To Net: NetName=GND Pin=S2-4
Added Pin To Net: NetName=GND Pin=S2-5
Added Pin To Net: NetName=NetU6_J4 Pin=U9-1
Added Pin To Net: NetName=5V Pin=U9-2
Added Pin To Net: NetName=UD_N Pin=U9-3
Added Pin To Net: NetName=UD_P Pin=U9-4
Added Pin To Net: NetName=GND Pin=U9-5
Added Pin To Net: NetName=5V Pin=U9-7
Added Pin To Net: NetName=3.3V Pin=U9-14
Added Pin To Net: NetName=GND Pin=U9-15
Added Pin To Net: NetName=NetU6_J5 Pin=U9-18
Added Pin To Net: NetName=NetU6_K5 Pin=U9-19
Added Pin To Net: NetName=GND Pin=U9-23
Added Pin To Net: NetName=3.3V Pin=U9-34
Added Pin To Net: NetName=GND Pin=U9-35
Added Pin To Net: NetName=NetU6_K4 Pin=U9-39
Added Pin To Net: NetName=NetU4_28 Pin=U9-40
Added Pin To Net: NetName=NetJ4_10 Pin=U9-41
Added Pin To Net: NetName=3.3V Pin=U9-42
Added Pin To Net: NetName=GND Pin=U9-43
Change Net Name : Old Net Name=NetC43_2 New Net Name=NetC61_2
Change Net Name : Old Net Name=NetC48_2 New Net Name=USB_GND
Added Pin To Net: NetName=NetC32_1 Pin=C32-1
Added Pin To Net: NetName=NetC32_1 Pin=U9-6
Added Net: Name=NetC32_1
Added Pin To Net: NetName=NetC56_1 Pin=C56-1
Added Pin To Net: NetName=NetC56_1 Pin=C59-1
Added Pin To Net: NetName=NetC56_1 Pin=C60-1
Added Pin To Net: NetName=NetC56_1 Pin=L2-1
Added Pin To Net: NetName=NetC56_1 Pin=U9-24
Added Pin To Net: NetName=NetC56_1 Pin=U9-44
Added Net: Name=NetC56_1
Added Pin To Net: NetName=PWR_BTN Pin=D2-A
Added Pin To Net: NetName=PWR_BTN Pin=R19-1
Added Pin To Net: NetName=PWR_BTN Pin=S1-1
Added Pin To Net: NetName=PWR_BTN Pin=S1-2
Added Pin To Net: NetName=PWR_BTN Pin=U9-33
Added Net: Name=PWR_BTN
Added Pin To Net: NetName=RESET Pin=D3-A
Added Pin To Net: NetName=RESET Pin=R20-1
Added Pin To Net: NetName=RESET Pin=S2-1
Added Pin To Net: NetName=RESET Pin=S2-2
Added Pin To Net: NetName=RESET Pin=U9-13
Added Net: Name=RESET
Added Member To Class: ClassName=MCU Member=Component C53 100nF
Added Member To Class: ClassName=MCU Member=Component C54 100nF
Added Member To Class: ClassName=MCU Member=Component C55 100nF
Added Member To Class: ClassName=MCU Member=Component C56 100nF
Added Member To Class: ClassName=MCU Member=Component C59 100nF
Added Member To Class: ClassName=MCU Member=Component C60 1uF
Added Member To Class: ClassName=MCU Member=Component C61 10nF
Added Member To Class: ClassName=MCU Member=Component C62 1uF
Added Member To Class: ClassName=MCU Member=Component D2 1N4148WT
Added Member To Class: ClassName=MCU Member=Component D3 1N4148WT
Added Member To Class: ClassName=MCU Member=Component J2 USB Micro
Added Member To Class: ClassName=MCU Member=Component L7 MPZ1608S221A
Added Member To Class: ClassName=MCU Member=Component R19 10K
Added Member To Class: ClassName=MCU Member=Component R20 10K
Added Member To Class: ClassName=MCU Member=Component S1 PTS840 GKP SMTR LFS
Added Member To Class: ClassName=MCU Member=Component S2 PTS840 GKP SMTR LFS
