Change Component DesignItemId : Designator=C4 Old DesignItemId=C0603C104K5RACTU New DesignItemId=GRM155R71C104KA88D
Change Component DesignItemId : Designator=C13 Old DesignItemId=C0603C104K5RACTU New DesignItemId=GRM155R71C104KA88D
Change Component Footprint: Designator=C4 Old Footprint=C0603 New Footprint=C0402
Change Component Footprint: Designator=C13 Old Footprint=C0603 New Footprint=C0402
Added Component: Designator=C22(C0402)
Added Component: Designator=C23(C0402)
Added Component: Designator=C24(C0402)
Added Component: Designator=L3(C0603)
Added Component: Designator=R14(R0402)
Added Component: Designator=R16(R0402)
Added Component: Designator=U4(QFN32-HVQFN32)
Added Pin To Net: NetName=GND Pin=C22-2
Added Pin To Net: NetName=GND Pin=C23-2
Added Pin To Net: NetName=GND Pin=C24-1
Added Pin To Net: NetName=GND Pin=J1-2
Added Pin To Net: NetName=GND Pin=J1-5
Added Pin To Net: NetName=GND Pin=J1-8
Added Pin To Net: NetName=GND Pin=J1-11
Added Pin To Net: NetName=GND Pin=J1-17
Added Pin To Net: NetName=GND Pin=J1-20
Added Pin To Net: NetName=GND Pin=J1-21
Added Pin To Net: NetName=GND Pin=J1-22
Added Pin To Net: NetName=GND Pin=J1-23
Added Pin To Net: NetName=3.3V Pin=R14-2
Added Pin To Net: NetName=3.3V Pin=R16-2
Added Pin To Net: NetName=5V Pin=U4-11
Added Pin To Net: NetName=3.3V Pin=U4-27
Added Pin To Net: NetName=GND Pin=U4-33
Added Pin To Net: NetName=HDMI_CK_N Pin=U4-8
Added Pin To Net: NetName=HDMI_CK_N Pin=U6-C2
Added Net: Name=HDMI_CK_N
Added Pin To Net: NetName=HDMI_CK_P Pin=U4-7
Added Pin To Net: NetName=HDMI_CK_P Pin=U6-C1
Added Net: Name=HDMI_CK_P
Added Pin To Net: NetName=HDMI_D0_N Pin=U4-6
Added Pin To Net: NetName=HDMI_D0_N Pin=U6-D2
Added Net: Name=HDMI_D0_N
Added Pin To Net: NetName=HDMI_D0_P Pin=U4-5
Added Pin To Net: NetName=HDMI_D0_P Pin=U6-D1
Added Net: Name=HDMI_D0_P
Added Pin To Net: NetName=HDMI_D1_N Pin=U4-4
Added Pin To Net: NetName=HDMI_D1_N Pin=U6-E2
Added Net: Name=HDMI_D1_N
Added Pin To Net: NetName=HDMI_D1_P Pin=U4-3
Added Pin To Net: NetName=HDMI_D1_P Pin=U6-E1
Added Net: Name=HDMI_D1_P
Added Pin To Net: NetName=HDMI_D2_N Pin=U4-2
Added Pin To Net: NetName=HDMI_D2_N Pin=U6-F2
Added Net: Name=HDMI_D2_N
Added Pin To Net: NetName=HDMI_D2_P Pin=U4-1
Added Pin To Net: NetName=HDMI_D2_P Pin=U6-F1
Added Net: Name=HDMI_D2_P
Added Pin To Net: NetName=NetC22_1 Pin=C22-1
Added Pin To Net: NetName=NetC22_1 Pin=U4-26
Added Net: Name=NetC22_1
Added Pin To Net: NetName=NetC23_1 Pin=C23-1
Added Pin To Net: NetName=NetC23_1 Pin=L3-1
Added Pin To Net: NetName=NetC23_1 Pin=U4-13
Added Pin To Net: NetName=NetC23_1 Pin=U6-K3
Added Net: Name=NetC23_1
Added Pin To Net: NetName=NetC24_2 Pin=C24-2
Added Pin To Net: NetName=NetC24_2 Pin=J1-18
Added Pin To Net: NetName=NetC24_2 Pin=L3-2
Added Net: Name=NetC24_2
Added Pin To Net: NetName=NetJ1_1 Pin=J1-1
Added Pin To Net: NetName=NetJ1_1 Pin=U4-24
Added Net: Name=NetJ1_1
Added Pin To Net: NetName=NetJ1_3 Pin=J1-3
Added Pin To Net: NetName=NetJ1_3 Pin=U4-23
Added Net: Name=NetJ1_3
Added Pin To Net: NetName=NetJ1_4 Pin=J1-4
Added Pin To Net: NetName=NetJ1_4 Pin=U4-22
Added Net: Name=NetJ1_4
Added Pin To Net: NetName=NetJ1_6 Pin=J1-6
Added Pin To Net: NetName=NetJ1_6 Pin=U4-21
Added Net: Name=NetJ1_6
Added Pin To Net: NetName=NetJ1_7 Pin=J1-7
Added Pin To Net: NetName=NetJ1_7 Pin=U4-20
Added Net: Name=NetJ1_7
Added Pin To Net: NetName=NetJ1_9 Pin=J1-9
Added Pin To Net: NetName=NetJ1_9 Pin=U4-19
Added Net: Name=NetJ1_9
Added Pin To Net: NetName=NetJ1_10 Pin=J1-10
Added Pin To Net: NetName=NetJ1_10 Pin=U4-18
Added Net: Name=NetJ1_10
Added Pin To Net: NetName=NetJ1_12 Pin=J1-12
Added Pin To Net: NetName=NetJ1_12 Pin=U4-17
Added Net: Name=NetJ1_12
Added Pin To Net: NetName=NetJ1_13 Pin=J1-13
Added Pin To Net: NetName=NetJ1_13 Pin=U4-25
Added Net: Name=NetJ1_13
Added Pin To Net: NetName=NetJ1_15 Pin=J1-15
Added Pin To Net: NetName=NetJ1_15 Pin=U4-15
Added Net: Name=NetJ1_15
Added Pin To Net: NetName=NetJ1_16 Pin=J1-16
Added Pin To Net: NetName=NetJ1_16 Pin=U4-14
Added Net: Name=NetJ1_16
Added Pin To Net: NetName=NetJ1_19 Pin=J1-19
Added Pin To Net: NetName=NetJ1_19 Pin=U4-12
Added Net: Name=NetJ1_19
Added Pin To Net: NetName=NetR14_1 Pin=R14-1
Added Pin To Net: NetName=NetR14_1 Pin=U4-9
Added Pin To Net: NetName=NetR14_1 Pin=U6-J1
Added Net: Name=NetR14_1
Added Pin To Net: NetName=NetR16_1 Pin=R16-1
Added Pin To Net: NetName=NetR16_1 Pin=U4-10
Added Pin To Net: NetName=NetR16_1 Pin=U6-J2
Added Net: Name=NetR16_1
Added Pin To Net: NetName=NetU4_28 Pin=U4-28
Added Net: Name=NetU4_28
Added Pin To Net: NetName=NetU4_29 Pin=U4-29
Added Pin To Net: NetName=NetU4_29 Pin=U6-H2
Added Net: Name=NetU4_29
Added Pin To Net: NetName=NetU4_32 Pin=U4-32
Added Pin To Net: NetName=NetU4_32 Pin=U6-J3
Added Net: Name=NetU4_32
Added Differential Pair: Name=HDMI_CK
Added Differential Pair: Name=HDMI_D0
Added Differential Pair: Name=HDMI_D1
Added Differential Pair: Name=HDMI_D2
Added Member To Class: ClassName=HDMI Member=Component C22 100nF
Added Member To Class: ClassName=HDMI Member=Component C23 1uF
Added Member To Class: ClassName=HDMI Member=Component C24 10nF
Added Member To Class: ClassName=HDMI Member=Component L3 MPZ1608S221A
Added Member To Class: ClassName=HDMI Member=Component R14 R0402TBD
Added Member To Class: ClassName=HDMI Member=Component R16 R0402TBD
Added Member To Class: ClassName=HDMI Member=Component U4 IP4787CZ32Y
